<?xml version="1.0" encoding="UTF-8"?>
<testng-results skipped="0" failed="0" total="2" passed="2">
  <reporter-output>
  </reporter-output>
  <suite name="Default suite" duration-ms="55" started-at="2016-08-13T04:27:39Z" finished-at="2016-08-13T04:27:39Z">
    <groups>
    </groups>
    <test name="Default test" duration-ms="55" started-at="2016-08-13T04:27:39Z" finished-at="2016-08-13T04:27:39Z">
      <class name="com.wrh.test.TestDepends">
        <test-method status="PASS" signature="other()[pri:0, instance:com.wrh.test.TestDepends@39f790]" name="other" duration-ms="16" started-at="2016-08-13T12:27:39Z" finished-at="2016-08-13T12:27:39Z">
          <reporter-output>
          </reporter-output>
        </test-method> <!-- other -->
        <test-method status="PASS" signature="f()[pri:0, instance:com.wrh.test.TestDepends@39f790]" name="f" duration-ms="2" started-at="2016-08-13T12:27:39Z" depends-on-methods="com.wrh.test.TestDepends.other" finished-at="2016-08-13T12:27:39Z">
          <reporter-output>
          </reporter-output>
        </test-method> <!-- f -->
      </class> <!-- com.wrh.test.TestDepends -->
    </test> <!-- Default test -->
  </suite> <!-- Default suite -->
</testng-results>
